<?xml version="1.0" encoding="UTF-8"?>
<!-- Generated by org.testng.reporters.JUnitXMLReporter -->
<testsuite hostname="LAPTOP-L45CF4AI" name="AdminPanel_Test" tests="3" failures="0" timestamp="13 Feb 2019 06:45:29 GMT" time="11.997" errors="0">
  <testcase name="VerifyLogin" time="0.847" classname="com.valency.testcases.login_test"/>
  <testcase name="VerifyUserDetails" time="1.367" classname="com.valency.testcases.users_test"/>
  <testcase name="Verifyuserlist" time="0.392" classname="com.valency.testcases.users_test"/>
</testsuite> <!-- AdminPanel_Test -->
