<?xml version="1.0" encoding="UTF-8"?>
<!-- Generated by org.testng.reporters.JUnitXMLReporter -->
<testsuite hostname="LAPTOP-L45CF4AI" name="FirefoxTest" tests="4" failures="0" timestamp="26 Nov 2018 06:02:16 GMT" time="12.795" errors="0">
  <testcase name="@BeforeTest BrowserInitialisation" time="0.0" classname="com.zmarta.testcases.LoanPagetest">
    <failure type="java.lang.NullPointerException">
      <![CDATA[java.lang.NullPointerException
	at org.openqa.selenium.support.events.EventFiringWebDriver.lambda$new$0(EventFiringWebDriver.java:82)
	at com.sun.proxy.$Proxy10.beforeNavigateTo(Unknown Source)
	at org.openqa.selenium.support.events.EventFiringWebDriver.get(EventFiringWebDriver.java:160)
	at com.zmarta.base.basetest.BrowserInitialisation(basetest.java:122)
	at java.util.concurrent.FutureTask.run(FutureTask.java:266)
	at java.util.concurrent.ThreadPoolExecutor.runWorker(ThreadPoolExecutor.java:1149)
	at java.util.concurrent.ThreadPoolExecutor$Worker.run(ThreadPoolExecutor.java:624)
	at java.lang.Thread.run(Thread.java:748)
... Removed 18 stack frames]]>
    </failure>
  </testcase> <!-- @BeforeTest BrowserInitialisation -->
  <testcase name="@BeforeTest report" time="0.0" classname="com.zmarta.testcases.LoanPagetest">
    <skipped/>
  </testcase> <!-- @BeforeTest report -->
  <testcase name="@BeforeMethod methodname" time="0.0" classname="com.zmarta.testcases.LoanPagetest">
    <skipped/>
  </testcase> <!-- @BeforeMethod methodname -->
  <testcase name="@BeforeMethod setup" time="0.0" classname="com.zmarta.testcases.LoanPagetest">
    <skipped/>
  </testcase> <!-- @BeforeMethod setup -->
  <testcase name="@AfterMethod tearDown" time="0.0" classname="com.zmarta.testcases.LoanPagetest">
    <skipped/>
  </testcase> <!-- @AfterMethod tearDown -->
  <testcase name="@BeforeMethod methodname" time="0.0" classname="com.zmarta.testcases.LoanPagetest">
    <skipped/>
  </testcase> <!-- @BeforeMethod methodname -->
  <testcase name="@BeforeMethod setup" time="0.0" classname="com.zmarta.testcases.LoanPagetest">
    <skipped/>
  </testcase> <!-- @BeforeMethod setup -->
  <testcase name="@AfterMethod tearDown" time="0.0" classname="com.zmarta.testcases.LoanPagetest">
    <skipped/>
  </testcase> <!-- @AfterMethod tearDown -->
  <testcase name="@BeforeMethod methodname" time="0.0" classname="com.zmarta.testcases.LoanPagetest">
    <skipped/>
  </testcase> <!-- @BeforeMethod methodname -->
  <testcase name="@BeforeMethod setup" time="0.0" classname="com.zmarta.testcases.LoanPagetest">
    <skipped/>
  </testcase> <!-- @BeforeMethod setup -->
  <testcase name="@AfterMethod tearDown" time="0.0" classname="com.zmarta.testcases.LoanPagetest">
    <skipped/>
  </testcase> <!-- @AfterMethod tearDown -->
  <testcase name="@BeforeMethod methodname" time="0.0" classname="com.zmarta.testcases.LoanPagetest">
    <skipped/>
  </testcase> <!-- @BeforeMethod methodname -->
  <testcase name="@BeforeMethod setup" time="0.0" classname="com.zmarta.testcases.LoanPagetest">
    <skipped/>
  </testcase> <!-- @BeforeMethod setup -->
  <testcase name="@AfterMethod tearDown" time="0.0" classname="com.zmarta.testcases.LoanPagetest">
    <skipped/>
  </testcase> <!-- @AfterMethod tearDown -->
  <testcase name="@AfterTest afterTest" time="0.0" classname="com.zmarta.testcases.LoanPagetest">
    <skipped/>
  </testcase> <!-- @AfterTest afterTest -->
  <testcase name="@AfterTest end" time="0.0" classname="com.zmarta.testcases.LoanPagetest">
    <skipped/>
  </testcase> <!-- @AfterTest end -->
  <testcase name="VerifyLogin" time="0.002" classname="com.zmarta.testcases.LoanPagetest">
    <skipped/>
  </testcase> <!-- VerifyLogin -->
  <testcase name="VerifyLogin" time="0.002" classname="com.zmarta.testcases.LoanPagetest">
    <skipped/>
  </testcase> <!-- VerifyLogin -->
  <testcase name="VerifyLogo" time="0.002" classname="com.zmarta.testcases.LoanPagetest">
    <skipped/>
  </testcase> <!-- VerifyLogo -->
  <testcase name="VerifyCheckbox" time="0.001" classname="com.zmarta.testcases.LoanPagetest">
    <skipped/>
  </testcase> <!-- VerifyCheckbox -->
</testsuite> <!-- FirefoxTest -->
